Build started 17/8/2015 1:57:15 PM.
     1>Project "C:\Users\Giggs\Documents\GitHub\SPTHREE\SP3 Framework\Base\Base.vcxproj" on node 2 (build target(s)).
     1>InitializeBuildStatus:
         Creating "Release\Base.unsuccessfulbuild" because "AlwaysCreate" was specified.
       ClCompile:
         C:\Program Files (x86)\Microsoft Visual Studio 10.0\VC\bin\CL.exe /c /I"C:\Users\Giggs\Documents\GitHub\SPTHREE\SP3 Framework\/Common/Source" /I"C:\Users\Giggs\Documents\GitHub\SPTHREE\SP3 Framework\/glew/include" /I"C:\Users\Giggs\Documents\GitHub\SPTHREE\SP3 Framework\/glfw/include" /I"C:\Users\Giggs\Documents\GitHub\SPTHREE\SP3 Framework\\irrKlang\include" /Zi /nologo /W3 /WX- /O2 /Oi /Oy- /GL /D _VARIADIC_MAX=10 /D WIN32 /D NDEBUG /D _CONSOLE /D _UNICODE /D UNICODE /Gm- /EHsc /MD /GS /Gy /fp:precise /Zc:wchar_t /Zc:forScope /Fo"Release\\" /Fd"Release\vc100.pdb" /Gd /TP /analyze- /errorReport:prompt Source\SceneText.cpp
         SceneText.cpp
     1>Source\SceneText.cpp(171): warning C4244: 'argument' : conversion from 'const float' to 'int', possible loss of data
     1>Source\SceneText.cpp(171): warning C4244: 'argument' : conversion from 'const float' to 'int', possible loss of data
     1>Source\SceneText.cpp(171): warning C4244: 'argument' : conversion from 'float' to 'int', possible loss of data
     1>Source\SceneText.cpp(171): warning C4244: 'argument' : conversion from 'float' to 'int', possible loss of data
     1>Source\SceneText.cpp(174): warning C4244: 'argument' : conversion from 'const float' to 'int', possible loss of data
     1>Source\SceneText.cpp(174): warning C4244: 'argument' : conversion from 'const float' to 'int', possible loss of data
     1>Source\SceneText.cpp(174): warning C4244: 'argument' : conversion from 'float' to 'int', possible loss of data
     1>Source\SceneText.cpp(174): warning C4244: 'argument' : conversion from 'float' to 'int', possible loss of data
     1>Source\SceneText.cpp(179): warning C4244: 'argument' : conversion from 'const float' to 'int', possible loss of data
     1>Source\SceneText.cpp(179): warning C4244: 'argument' : conversion from 'const float' to 'int', possible loss of data
     1>Source\SceneText.cpp(179): warning C4244: 'argument' : conversion from 'float' to 'int', possible loss of data
     1>Source\SceneText.cpp(179): warning C4244: 'argument' : conversion from 'float' to 'int', possible loss of data
     1>Source\SceneText.cpp(182): warning C4244: 'argument' : conversion from 'const float' to 'int', possible loss of data
     1>Source\SceneText.cpp(182): warning C4244: 'argument' : conversion from 'const float' to 'int', possible loss of data
     1>Source\SceneText.cpp(182): warning C4244: 'argument' : conversion from 'float' to 'int', possible loss of data
     1>Source\SceneText.cpp(182): warning C4244: 'argument' : conversion from 'float' to 'int', possible loss of data
     1>Source\SceneText.cpp(190): warning C4244: 'argument' : conversion from 'const float' to 'int', possible loss of data
     1>Source\SceneText.cpp(190): warning C4244: 'argument' : conversion from 'const float' to 'int', possible loss of data
     1>Source\SceneText.cpp(190): warning C4244: 'argument' : conversion from 'float' to 'int', possible loss of data
     1>Source\SceneText.cpp(190): warning C4244: 'argument' : conversion from 'float' to 'int', possible loss of data
     1>Source\SceneText.cpp(195): warning C4244: 'argument' : conversion from 'const float' to 'int', possible loss of data
     1>Source\SceneText.cpp(195): warning C4244: 'argument' : conversion from 'const float' to 'int', possible loss of data
     1>Source\SceneText.cpp(195): warning C4244: 'argument' : conversion from 'float' to 'int', possible loss of data
     1>Source\SceneText.cpp(195): warning C4244: 'argument' : conversion from 'float' to 'int', possible loss of data
     1>Source\SceneText.cpp(224): warning C4244: 'argument' : conversion from 'float' to 'int', possible loss of data
     1>Source\SceneText.cpp(224): warning C4244: 'argument' : conversion from 'float' to 'int', possible loss of data
     1>Source\SceneText.cpp(224): warning C4244: 'argument' : conversion from 'float' to 'int', possible loss of data
     1>Source\SceneText.cpp(224): warning C4244: 'argument' : conversion from 'float' to 'int', possible loss of data
     1>Source\SceneText.cpp(232): warning C4244: 'argument' : conversion from 'float' to 'int', possible loss of data
     1>Source\SceneText.cpp(232): warning C4244: 'argument' : conversion from 'float' to 'int', possible loss of data
     1>Source\SceneText.cpp(232): warning C4244: 'argument' : conversion from 'float' to 'int', possible loss of data
     1>Source\SceneText.cpp(232): warning C4244: 'argument' : conversion from 'float' to 'int', possible loss of data
     1>Source\SceneText.cpp(758): warning C4305: 'argument' : truncation from 'double' to 'float'
     1>Source\SceneText.cpp(763): warning C4305: 'argument' : truncation from 'double' to 'float'
     1>Source\SceneText.cpp(768): warning C4305: 'argument' : truncation from 'double' to 'float'
     1>Source\SceneText.cpp(773): warning C4305: 'argument' : truncation from 'double' to 'float'
     1>Source\SceneText.cpp(779): warning C4244: 'argument' : conversion from 'int' to 'const float', possible loss of data
     1>Source\SceneText.cpp(779): warning C4244: 'argument' : conversion from 'int' to 'const float', possible loss of data
     1>Source\SceneText.cpp(787): warning C4244: 'argument' : conversion from 'int' to 'const float', possible loss of data
     1>Source\SceneText.cpp(787): warning C4244: 'argument' : conversion from 'int' to 'const float', possible loss of data
     1>Source\SceneText.cpp(809): warning C4244: 'argument' : conversion from 'int' to 'const float', possible loss of data
     1>Source\SceneText.cpp(809): warning C4244: 'argument' : conversion from 'int' to 'const float', possible loss of data
     1>Source\SceneText.cpp(814): warning C4244: 'argument' : conversion from 'int' to 'const float', possible loss of data
     1>Source\SceneText.cpp(814): warning C4244: 'argument' : conversion from 'int' to 'const float', possible loss of data
     1>Source\SceneText.cpp(849): warning C4244: 'argument' : conversion from 'int' to 'const float', possible loss of data
     1>Source\SceneText.cpp(849): warning C4244: 'argument' : conversion from 'int' to 'const float', possible loss of data
     1>Source\SceneText.cpp(874): warning C4244: 'argument' : conversion from 'int' to 'const float', possible loss of data
     1>Source\SceneText.cpp(874): warning C4244: 'argument' : conversion from 'int' to 'const float', possible loss of data
     1>Source\SceneText.cpp(879): warning C4244: 'argument' : conversion from 'int' to 'const float', possible loss of data
     1>Source\SceneText.cpp(879): warning C4244: 'argument' : conversion from 'int' to 'const float', possible loss of data
     1>Source\SceneText.cpp(890): warning C4244: 'argument' : conversion from 'int' to 'const float', possible loss of data
     1>Source\SceneText.cpp(890): warning C4244: 'argument' : conversion from 'int' to 'const float', possible loss of data
       Link:
         C:\Program Files (x86)\Microsoft Visual Studio 10.0\VC\bin\link.exe /ERRORREPORT:PROMPT /OUT:"C:\Users\Giggs\Documents\GitHub\SPTHREE\SP3 Framework\Release\Base.exe" /INCREMENTAL:NO /NOLOGO /LIBPATH:"C:\Users\Giggs\Documents\GitHub\SPTHREE\SP3 Framework\Release" /LIBPATH:"C:\Users\Giggs\Documents\GitHub\SPTHREE\SP3 Framework\/glfw/lib-msvc100" /LIBPATH:"C:\Users\Giggs\Documents\GitHub\SPTHREE\SP3 Framework\/glew/lib" /LIBPATH:"C:\Users\Giggs\Documents\GitHub\SPTHREE\SP3 Framework\\irrKlang\lib" Common.lib winmm.lib opengl32.lib glu32.lib glew32.lib glfw3.lib kernel32.lib user32.lib gdi32.lib winspool.lib comdlg32.lib advapi32.lib shell32.lib ole32.lib oleaut32.lib uuid.lib odbc32.lib odbccp32.lib /MANIFEST /ManifestFile:"Release\Base.exe.intermediate.manifest" /MANIFESTUAC:"level='asInvoker' uiAccess='false'" /DEBUG /PDB:"C:\Users\Giggs\Documents\GitHub\SPTHREE\SP3 Framework\Release\Base.pdb" /SUBSYSTEM:CONSOLE /OPT:REF /OPT:ICF /LTCG /TLBID:1 /DYNAMICBASE /NXCOMPAT /IMPLIB:"C:\Users\Giggs\Documents\GitHub\SPTHREE\SP3 Framework\Release\Base.lib" /MACHINE:X86 Release\Application.obj
         Release\Camera.obj
         Release\Camera3.obj
         Release\Enemy.obj
         Release\Goodies.obj
         Release\GoodiesFactory.obj
         Release\HealthPack.obj
         Release\Hero.obj
         Release\LoadOBJ.obj
         Release\LoadTGA.obj
         Release\main.obj
         Release\Map.obj
         Release\Mesh.obj
         Release\MeshBuilder.obj
         Release\SceneText.obj
         Release\shader.obj
         Release\Strategy.obj
         Release\Strategy_Kill.obj
         Release\TreasureChest.obj
         Release\Utility.obj
         Generating code
         Finished generating code
         Base.vcxproj -> C:\Users\Giggs\Documents\GitHub\SPTHREE\SP3 Framework\Release\Base.exe
       Manifest:
         C:\Program Files (x86)\Microsoft SDKs\Windows\v7.0A\bin\mt.exe /nologo /verbose /outputresource:"C:\Users\Giggs\Documents\GitHub\SPTHREE\SP3 Framework\Release\Base.exe;#1" /manifest Release\Base.exe.intermediate.manifest
       FinalizeBuildStatus:
         Deleting file "Release\Base.unsuccessfulbuild".
         Touching "Release\Base.lastbuildstate".
     1>Done Building Project "C:\Users\Giggs\Documents\GitHub\SPTHREE\SP3 Framework\Base\Base.vcxproj" (build target(s)).

Build succeeded.

Time Elapsed 00:00:02.53
