C:\USERS\GIGGS\DESKTOP\GDT FRAMEWORK\DM2231_FRAMEWORK\BASE\RELEASE\APPLICATION.OBJ
C:\USERS\GIGGS\DESKTOP\GDT FRAMEWORK\DM2231_FRAMEWORK\BASE\RELEASE\BASE.EXE.INTERMEDIATE.MANIFEST
C:\Users\Giggs\Desktop\GDT Framework\DM2231_Framework\Base\Release\Base.write.1.tlog
C:\USERS\GIGGS\DESKTOP\GDT FRAMEWORK\DM2231_FRAMEWORK\BASE\RELEASE\CAMERA.OBJ
C:\USERS\GIGGS\DESKTOP\GDT FRAMEWORK\DM2231_FRAMEWORK\BASE\RELEASE\CAMERA3.OBJ
C:\Users\Giggs\Desktop\GDT Framework\DM2231_Framework\Base\Release\cl.command.1.tlog
C:\Users\Giggs\Desktop\GDT Framework\DM2231_Framework\Base\Release\CL.read.1.tlog
C:\Users\Giggs\Desktop\GDT Framework\DM2231_Framework\Base\Release\CL.write.1.tlog
C:\USERS\GIGGS\DESKTOP\GDT FRAMEWORK\DM2231_FRAMEWORK\BASE\RELEASE\HERO.OBJ
C:\Users\Giggs\Desktop\GDT Framework\DM2231_Framework\Base\Release\link.command.1.tlog
C:\Users\Giggs\Desktop\GDT Framework\DM2231_Framework\Base\Release\link.read.1.tlog
C:\Users\Giggs\Desktop\GDT Framework\DM2231_Framework\Base\Release\link.write.1.tlog
C:\USERS\GIGGS\DESKTOP\GDT FRAMEWORK\DM2231_FRAMEWORK\BASE\RELEASE\LOADOBJ.OBJ
C:\USERS\GIGGS\DESKTOP\GDT FRAMEWORK\DM2231_FRAMEWORK\BASE\RELEASE\LOADTGA.OBJ
C:\USERS\GIGGS\DESKTOP\GDT FRAMEWORK\DM2231_FRAMEWORK\BASE\RELEASE\MAIN.OBJ
C:\USERS\GIGGS\DESKTOP\GDT FRAMEWORK\DM2231_FRAMEWORK\BASE\RELEASE\MAP.OBJ
C:\USERS\GIGGS\DESKTOP\GDT FRAMEWORK\DM2231_FRAMEWORK\BASE\RELEASE\MESH.OBJ
C:\USERS\GIGGS\DESKTOP\GDT FRAMEWORK\DM2231_FRAMEWORK\BASE\RELEASE\MESHBUILDER.OBJ
C:\Users\Giggs\Desktop\GDT Framework\DM2231_Framework\Base\Release\mt.command.1.tlog
C:\Users\Giggs\Desktop\GDT Framework\DM2231_Framework\Base\Release\mt.read.1.tlog
C:\Users\Giggs\Desktop\GDT Framework\DM2231_Framework\Base\Release\mt.write.1.tlog
C:\USERS\GIGGS\DESKTOP\GDT FRAMEWORK\DM2231_FRAMEWORK\BASE\RELEASE\SCENETEXT.OBJ
C:\USERS\GIGGS\DESKTOP\GDT FRAMEWORK\DM2231_FRAMEWORK\BASE\RELEASE\SHADER.OBJ
C:\USERS\GIGGS\DESKTOP\GDT FRAMEWORK\DM2231_FRAMEWORK\BASE\RELEASE\UTILITY.OBJ
C:\USERS\GIGGS\DESKTOP\GDT FRAMEWORK\DM2231_FRAMEWORK\BASE\RELEASE\VC100.PDB
C:\USERS\GIGGS\DESKTOP\GDT FRAMEWORK\DM2231_FRAMEWORK\RELEASE\BASE.EXE
C:\USERS\GIGGS\DESKTOP\GDT FRAMEWORK\DM2231_FRAMEWORK\RELEASE\BASE.PDB
C:\USERS\GIGGS\DESKTOP\TEST\DM2231_FRAMEWORK\BASE\RELEASE\APPLICATION.OBJ
C:\USERS\GIGGS\DESKTOP\TEST\DM2231_FRAMEWORK\BASE\RELEASE\BASE.EXE.INTERMEDIATE.MANIFEST
C:\USERS\GIGGS\DESKTOP\TEST\DM2231_FRAMEWORK\BASE\RELEASE\CAMERA.OBJ
C:\USERS\GIGGS\DESKTOP\TEST\DM2231_FRAMEWORK\BASE\RELEASE\CAMERA3.OBJ
C:\USERS\GIGGS\DESKTOP\TEST\DM2231_FRAMEWORK\BASE\RELEASE\HERO.OBJ
C:\USERS\GIGGS\DESKTOP\TEST\DM2231_FRAMEWORK\BASE\RELEASE\LOADOBJ.OBJ
C:\USERS\GIGGS\DESKTOP\TEST\DM2231_FRAMEWORK\BASE\RELEASE\LOADTGA.OBJ
C:\USERS\GIGGS\DESKTOP\TEST\DM2231_FRAMEWORK\BASE\RELEASE\MAIN.OBJ
C:\USERS\GIGGS\DESKTOP\TEST\DM2231_FRAMEWORK\BASE\RELEASE\MAP.OBJ
C:\USERS\GIGGS\DESKTOP\TEST\DM2231_FRAMEWORK\BASE\RELEASE\MESH.OBJ
C:\USERS\GIGGS\DESKTOP\TEST\DM2231_FRAMEWORK\BASE\RELEASE\MESHBUILDER.OBJ
C:\USERS\GIGGS\DESKTOP\TEST\DM2231_FRAMEWORK\BASE\RELEASE\SCENETEXT.OBJ
C:\USERS\GIGGS\DESKTOP\TEST\DM2231_FRAMEWORK\BASE\RELEASE\SHADER.OBJ
C:\USERS\GIGGS\DESKTOP\TEST\DM2231_FRAMEWORK\BASE\RELEASE\UTILITY.OBJ
C:\USERS\GIGGS\DESKTOP\TEST\DM2231_FRAMEWORK\BASE\RELEASE\VC100.PDB
C:\USERS\GIGGS\DESKTOP\TEST\DM2231_FRAMEWORK\RELEASE\BASE.EXE
C:\USERS\GIGGS\DESKTOP\TEST\DM2231_FRAMEWORK\RELEASE\BASE.PDB
