C:\USERS\_SINYH\DESKTOP\DM2231_FRAMEWORK\BASE\DEBUG\APPLICATION.OBJ
C:\USERS\_SINYH\DESKTOP\DM2231_FRAMEWORK\BASE\DEBUG\BASE.EXE.INTERMEDIATE.MANIFEST
C:\Users\_sinyh\Desktop\DM2231_Framework\Base\Debug\Base.write.1.tlog
C:\USERS\_SINYH\DESKTOP\DM2231_FRAMEWORK\BASE\DEBUG\CAMERA.OBJ
C:\USERS\_SINYH\DESKTOP\DM2231_FRAMEWORK\BASE\DEBUG\CAMERA2.OBJ
C:\USERS\_SINYH\DESKTOP\DM2231_FRAMEWORK\BASE\DEBUG\CAMERA3.OBJ
C:\Users\_sinyh\Desktop\DM2231_Framework\Base\Debug\cl.command.1.tlog
C:\Users\_sinyh\Desktop\DM2231_Framework\Base\Debug\CL.read.1.tlog
C:\Users\_sinyh\Desktop\DM2231_Framework\Base\Debug\CL.write.1.tlog
C:\Users\_sinyh\Desktop\DM2231_Framework\Base\Debug\link.command.1.tlog
C:\Users\_sinyh\Desktop\DM2231_Framework\Base\Debug\link.read.1.tlog
C:\Users\_sinyh\Desktop\DM2231_Framework\Base\Debug\link.write.1.tlog
C:\USERS\_SINYH\DESKTOP\DM2231_FRAMEWORK\BASE\DEBUG\LOADOBJ.OBJ
C:\USERS\_SINYH\DESKTOP\DM2231_FRAMEWORK\BASE\DEBUG\LOADTGA.OBJ
C:\USERS\_SINYH\DESKTOP\DM2231_FRAMEWORK\BASE\DEBUG\MAIN.OBJ
C:\USERS\_SINYH\DESKTOP\DM2231_FRAMEWORK\BASE\DEBUG\MAP.OBJ
C:\USERS\_SINYH\DESKTOP\DM2231_FRAMEWORK\BASE\DEBUG\MESH.OBJ
C:\USERS\_SINYH\DESKTOP\DM2231_FRAMEWORK\BASE\DEBUG\MESHBUILDER.OBJ
C:\USERS\_SINYH\DESKTOP\DM2231_FRAMEWORK\BASE\DEBUG\MINIMAP.OBJ
C:\Users\_sinyh\Desktop\DM2231_Framework\Base\Debug\mt.command.1.tlog
C:\Users\_sinyh\Desktop\DM2231_Framework\Base\Debug\mt.read.1.tlog
C:\Users\_sinyh\Desktop\DM2231_Framework\Base\Debug\mt.write.1.tlog
C:\USERS\_SINYH\DESKTOP\DM2231_FRAMEWORK\BASE\DEBUG\SCENE1.OBJ
C:\USERS\_SINYH\DESKTOP\DM2231_FRAMEWORK\BASE\DEBUG\SCENE2.OBJ
C:\USERS\_SINYH\DESKTOP\DM2231_FRAMEWORK\BASE\DEBUG\SCENE3.OBJ
C:\USERS\_SINYH\DESKTOP\DM2231_FRAMEWORK\BASE\DEBUG\SCENE4.OBJ
C:\USERS\_SINYH\DESKTOP\DM2231_FRAMEWORK\BASE\DEBUG\SCENE5.OBJ
C:\USERS\_SINYH\DESKTOP\DM2231_FRAMEWORK\BASE\DEBUG\SCENELIGHT.OBJ
C:\USERS\_SINYH\DESKTOP\DM2231_FRAMEWORK\BASE\DEBUG\SCENELIGHT2.OBJ
C:\USERS\_SINYH\DESKTOP\DM2231_FRAMEWORK\BASE\DEBUG\SCENESKYBOX.OBJ
C:\USERS\_SINYH\DESKTOP\DM2231_FRAMEWORK\BASE\DEBUG\SCENETEXT.OBJ
C:\USERS\_SINYH\DESKTOP\DM2231_FRAMEWORK\BASE\DEBUG\SCENETEXTURE.OBJ
C:\USERS\_SINYH\DESKTOP\DM2231_FRAMEWORK\BASE\DEBUG\SHADER.OBJ
C:\USERS\_SINYH\DESKTOP\DM2231_FRAMEWORK\BASE\DEBUG\UTILITY.OBJ
C:\Users\_sinyh\Desktop\DM2231_Framework\Base\Debug\vc100.idb
C:\USERS\_SINYH\DESKTOP\DM2231_FRAMEWORK\BASE\DEBUG\VC100.PDB
C:\USERS\_SINYH\DESKTOP\DM2231_FRAMEWORK\DEBUG\BASE.EXE
C:\USERS\_SINYH\DESKTOP\DM2231_FRAMEWORK\DEBUG\BASE.PDB
