C:\Users\Giggs\Desktop\GDT Framework\DM2231_Framework\Common\Release\cl.command.1.tlog
C:\Users\Giggs\Desktop\GDT Framework\DM2231_Framework\Common\Release\CL.read.1.tlog
C:\Users\Giggs\Desktop\GDT Framework\DM2231_Framework\Common\Release\CL.write.1.tlog
C:\Users\Giggs\Desktop\GDT Framework\DM2231_Framework\Common\Release\Common.vcxprojResolveAssemblyReference.cache
C:\Users\Giggs\Desktop\GDT Framework\DM2231_Framework\Common\Release\Common.write.1.tlog
C:\Users\Giggs\Desktop\GDT Framework\DM2231_Framework\Common\Release\lib.command.1.tlog
C:\Users\Giggs\Desktop\GDT Framework\DM2231_Framework\Common\Release\Lib-link.read.1.tlog
C:\Users\Giggs\Desktop\GDT Framework\DM2231_Framework\Common\Release\Lib-link.write.1.tlog
C:\USERS\GIGGS\DESKTOP\GDT FRAMEWORK\DM2231_FRAMEWORK\COMMON\RELEASE\MATHUTILITY.OBJ
C:\USERS\GIGGS\DESKTOP\GDT FRAMEWORK\DM2231_FRAMEWORK\COMMON\RELEASE\MATRIXSTACK.OBJ
C:\USERS\GIGGS\DESKTOP\GDT FRAMEWORK\DM2231_FRAMEWORK\COMMON\RELEASE\MTX44.OBJ
C:\USERS\GIGGS\DESKTOP\GDT FRAMEWORK\DM2231_FRAMEWORK\COMMON\RELEASE\TIMER.OBJ
C:\USERS\GIGGS\DESKTOP\GDT FRAMEWORK\DM2231_FRAMEWORK\COMMON\RELEASE\VC100.PDB
C:\USERS\GIGGS\DESKTOP\GDT FRAMEWORK\DM2231_FRAMEWORK\COMMON\RELEASE\VECTOR2.OBJ
C:\USERS\GIGGS\DESKTOP\GDT FRAMEWORK\DM2231_FRAMEWORK\COMMON\RELEASE\VECTOR3.OBJ
C:\USERS\GIGGS\DESKTOP\GDT FRAMEWORK\DM2231_FRAMEWORK\RELEASE\COMMON.LIB
C:\USERS\GIGGS\DESKTOP\TEST\DM2231_FRAMEWORK\COMMON\RELEASE\MATHUTILITY.OBJ
C:\USERS\GIGGS\DESKTOP\TEST\DM2231_FRAMEWORK\COMMON\RELEASE\MATRIXSTACK.OBJ
C:\USERS\GIGGS\DESKTOP\TEST\DM2231_FRAMEWORK\COMMON\RELEASE\MTX44.OBJ
C:\USERS\GIGGS\DESKTOP\TEST\DM2231_FRAMEWORK\COMMON\RELEASE\TIMER.OBJ
C:\USERS\GIGGS\DESKTOP\TEST\DM2231_FRAMEWORK\COMMON\RELEASE\VC100.PDB
C:\USERS\GIGGS\DESKTOP\TEST\DM2231_FRAMEWORK\COMMON\RELEASE\VECTOR2.OBJ
C:\USERS\GIGGS\DESKTOP\TEST\DM2231_FRAMEWORK\COMMON\RELEASE\VECTOR3.OBJ
C:\USERS\GIGGS\DESKTOP\TEST\DM2231_FRAMEWORK\RELEASE\COMMON.LIB
